<?xml version="1.0" encoding="UTF-8"?>
<testng-results ignored="0" total="1" passed="1" failed="0" skipped="0">
  <reporter-output>
  </reporter-output>
  <suite started-at="2021-12-23T08:44:34 IST" name="Default suite" finished-at="2021-12-23T08:44:35 IST" duration-ms="1448">
    <groups>
    </groups>
    <test started-at="2021-12-23T08:44:34 IST" name="Default test" finished-at="2021-12-23T08:44:35 IST" duration-ms="1448">
      <class name="com.testscenarios.fgagadg">
        <test-method is-config="true" signature="setUp()[pri:0, instance:com.testscenarios.fgagadg@4310d43]" started-at="2021-12-23T08:44:34 IST" name="setUp" finished-at="2021-12-23T08:44:35 IST" duration-ms="1317" status="PASS">
          <reporter-output>
          </reporter-output>
        </test-method> <!-- setUp -->
        <test-method signature="test()[pri:0, instance:com.testscenarios.fgagadg@4310d43]" started-at="2021-12-23T08:44:35 IST" name="test" finished-at="2021-12-23T08:44:35 IST" duration-ms="74" status="PASS">
          <reporter-output>
          </reporter-output>
        </test-method> <!-- test -->
        <test-method is-config="true" signature="tearDown()[pri:0, instance:com.testscenarios.fgagadg@4310d43]" started-at="2021-12-23T08:44:35 IST" name="tearDown" finished-at="2021-12-23T08:44:35 IST" duration-ms="1" status="PASS">
          <reporter-output>
          </reporter-output>
        </test-method> <!-- tearDown -->
      </class> <!-- com.testscenarios.fgagadg -->
    </test> <!-- Default test -->
  </suite> <!-- Default suite -->
</testng-results>
