<?xml version="1.0" encoding="UTF-8"?>
<!-- Generated by org.testng.reporters.JUnitXMLReporter -->
<testsuite hostname="DESKTOP-210GM47" ignored="4" name="Default test" tests="9" failures="0" timestamp="2022-01-08T09:41:26 IST" time="174.871" errors="0">
  <testcase name="TC_023_MobileNumberFunctionality" time="39.005" classname="com.testscenarios.ClassTemplate"/>
  <testcase name="TC_023_MobileNumberFunctionality" time="16.934" classname="com.testscenarios.ClassTemplate"/>
  <testcase name="TC_023_MobileNumberFunctionality" time="15.772" classname="com.testscenarios.ClassTemplate"/>
  <testcase name="TC_023_MobileNumberFunctionality" time="15.537" classname="com.testscenarios.ClassTemplate"/>
  <testcase name="TC_023_MobileNumberFunctionality" time="15.277" classname="com.testscenarios.ClassTemplate"/>
  <testcase name="TC_023_MobileNumberFunctionality" time="16.265" classname="com.testscenarios.ClassTemplate"/>
  <testcase name="TC_023_MobileNumberFunctionality" time="15.878" classname="com.testscenarios.ClassTemplate"/>
  <testcase name="TC_023_MobileNumberFunctionality" time="15.084" classname="com.testscenarios.ClassTemplate"/>
  <testcase name="TC_023_MobileNumberFunctionality" time="14.101" classname="com.testscenarios.ClassTemplate"/>
  <testcase name="TC_019_OpenJRIWebsite" time="0.0" classname="com.testscenarios.ClassTemplate">
    <ignored/>
  </testcase> <!-- TC_019_OpenJRIWebsite -->
  <testcase name="TC_021_Mobileservices_invalidData" time="0.0" classname="com.testscenarios.ClassTemplate">
    <ignored/>
  </testcase> <!-- TC_021_Mobileservices_invalidData -->
  <testcase name="TC_020_Mobileservices_BlankData" time="0.0" classname="com.testscenarios.ClassTemplate">
    <ignored/>
  </testcase> <!-- TC_020_Mobileservices_BlankData -->
  <testcase name="TC_022_Mobileservices_validData" time="0.0" classname="com.testscenarios.ClassTemplate">
    <ignored/>
  </testcase> <!-- TC_022_Mobileservices_validData -->
</testsuite> <!-- Default test -->
